2023-12-30 12:52:35.258  INFO 32098 --- [main] com.example.Application                  : Starting Application on RenMacBook-Pro.local with PID 32098 (/Users/inhng/Desktop/xuanke-Server/target/classes started by inhng in /Users/inhng/Desktop/xuanke-Server)
2023-12-30 12:52:35.261  INFO 32098 --- [main] com.example.Application                  : No active profile set, falling back to default profiles: default
2023-12-30 12:52:35.524  WARN 32098 --- [main] o.m.s.mapper.ClassPathMapperScanner      : No MyBatis mapper was found in '[com.example]' package. Please check your configuration.
2023-12-30 12:52:35.761  INFO 32098 --- [main] o.s.b.w.embedded.tomcat.TomcatWebServer  : Tomcat initialized with port(s): 8888 (http)
2023-12-30 12:52:35.768  INFO 32098 --- [main] o.apache.catalina.core.StandardService   : Starting service [Tomcat]
2023-12-30 12:52:35.768  INFO 32098 --- [main] org.apache.catalina.core.StandardEngine  : Starting Servlet Engine: Apache Tomcat/9.0.12
2023-12-30 12:52:35.773  INFO 32098 --- [main] o.a.catalina.core.AprLifecycleListener   : The APR based Apache Tomcat Native library which allows optimal performance in production environments was not found on the java.library.path: [/Users/inhng/Library/Java/Extensions:/Library/Java/Extensions:/Network/Library/Java/Extensions:/System/Library/Java/Extensions:/usr/lib/java:.]
2023-12-30 12:52:35.810  INFO 32098 --- [main] o.a.c.c.C.[Tomcat].[localhost].[/]       : Initializing Spring embedded WebApplicationContext
2023-12-30 12:52:35.810  INFO 32098 --- [main] o.s.web.context.ContextLoader            : Root WebApplicationContext: initialization completed in 528 ms
2023-12-30 12:52:35.820  INFO 32098 --- [main] o.s.b.w.servlet.ServletRegistrationBean  : Servlet dispatcherServlet mapped to [/]
2023-12-30 12:52:35.821  INFO 32098 --- [main] o.s.b.w.servlet.FilterRegistrationBean   : Mapping filter: 'characterEncodingFilter' to: [/*]
2023-12-30 12:52:35.821  INFO 32098 --- [main] o.s.b.w.servlet.FilterRegistrationBean   : Mapping filter: 'hiddenHttpMethodFilter' to: [/*]
2023-12-30 12:52:35.821  INFO 32098 --- [main] o.s.b.w.servlet.FilterRegistrationBean   : Mapping filter: 'formContentFilter' to: [/*]
2023-12-30 12:52:35.822  INFO 32098 --- [main] o.s.b.w.servlet.FilterRegistrationBean   : Mapping filter: 'requestContextFilter' to: [/*]
2023-12-30 12:52:36.366  INFO 32098 --- [main] o.s.s.concurrent.ThreadPoolTaskExecutor  : Initializing ExecutorService 'applicationTaskExecutor'
2023-12-30 12:52:36.511  INFO 32098 --- [main] o.s.b.w.embedded.tomcat.TomcatWebServer  : Tomcat started on port(s): 8888 (http) with context path ''
2023-12-30 12:52:36.512  INFO 32098 --- [main] com.example.Application                  : Started Application in 1.444 seconds (JVM running for 1.863)
2023-12-30 12:52:36.513  INFO 32098 --- [main] com.example.common.config.OpenBrowser    : 项目启动成功……
2023-12-30 12:52:38.508  INFO 32098 --- [http-nio-8888-exec-1] o.a.c.c.C.[Tomcat].[localhost].[/]       : Initializing Spring DispatcherServlet 'dispatcherServlet'
2023-12-30 12:52:38.508  INFO 32098 --- [http-nio-8888-exec-1] o.s.web.servlet.DispatcherServlet        : Initializing Servlet 'dispatcherServlet'
2023-12-30 12:52:38.512  INFO 32098 --- [http-nio-8888-exec-1] o.s.web.servlet.DispatcherServlet        : Completed initialization in 4 ms
2023-12-30 12:52:47.633  INFO 32098 --- [http-nio-8888-exec-8] com.zaxxer.hikari.HikariDataSource       : HikariPool-1 - Starting...
2023-12-30 12:52:47.688  INFO 32098 --- [http-nio-8888-exec-8] com.zaxxer.hikari.HikariDataSource       : HikariPool-1 - Start completed.
2023-12-30 12:58:35.136  INFO 32098 --- [Thread-2] o.s.s.concurrent.ThreadPoolTaskExecutor  : Shutting down ExecutorService 'applicationTaskExecutor'
2023-12-30 12:58:35.137  INFO 32098 --- [Thread-2] com.zaxxer.hikari.HikariDataSource       : HikariPool-1 - Shutdown initiated...
2023-12-30 12:58:35.141  INFO 32098 --- [Thread-2] com.zaxxer.hikari.HikariDataSource       : HikariPool-1 - Shutdown completed.
